<?xml version="1.0" encoding="UTF-8"?>
<!-- Generated by org.testng.reporters.JUnitReportReporter -->
<testsuite hostname="Umang8267" failures="0" tests="1" name="TestCases.LoginUser" time="14.663" errors="0" timestamp="2025-02-25T23:37:30 IST" skipped="0">
  <testcase classname="TestCases.LoginUser" name="LoginUsertoNaukriAPk" time="14.663"/>
  <system-out/>
</testsuite> <!-- TestCases.LoginUser -->
