<?xml version="1.0" encoding="UTF-8"?>
<!-- Generated by org.testng.reporters.JUnitReportReporter -->
<testsuite hostname="Umang8267" failures="0" tests="2" name="TestCases.Practice" time="0.012" errors="0" timestamp="2025-02-25T21:48:05 IST" skipped="1">
  <testcase classname="TestCases.Practice" name="test2" time="0.012"/>
  <system-out/>
  <testcase classname="TestCases.Practice" name="test">
    <skipped/>
  </testcase> <!-- test -->
  <system-out/>
</testsuite> <!-- TestCases.Practice -->
